#
# There is insufficient memory for the Java Runtime Environment to continue.
# Native memory allocation (malloc) failed to allocate 159648 bytes for Chunk::new
# Possible reasons:
#   The system is out of physical RAM or swap space
#   The process is running with CompressedOops enabled, and the Java Heap may be blocking the growth of the native heap
# Possible solutions:
#   Reduce memory load on the system
#   Increase physical memory or swap space
#   Check if swap backing store is full
#   Decrease Java heap size (-Xmx/-Xms)
#   Decrease number of Java threads
#   Decrease Java thread stack sizes (-Xss)
#   Set larger code cache with -XX:ReservedCodeCacheSize=
#   JVM is running with Unscaled Compressed Oops mode in which the Java heap is
#     placed in the first 4GB address space. The Java Heap base address is the
#     maximum limit for the native heap growth. Please use -XX:HeapBaseMinAddress
#     to set the Java Heap base and to place the Java Heap above 4GB virtual address.
# This output file may be truncated or incomplete.
#
#  Out of Memory Error (arena.cpp:189), pid=14016, tid=18404
#
# JRE version: OpenJDK Runtime Environment Temurin-17.0.4+8 (17.0.4+8) (build 17.0.4+8)
# Java VM: OpenJDK 64-Bit Server VM Temurin-17.0.4+8 (17.0.4+8, mixed mode, tiered, compressed oops, compressed class ptrs, parallel gc, windows-amd64)
# No core dump will be written. Minidumps are not enabled by default on client versions of Windows
#

---------------  S U M M A R Y ------------

Command Line: --add-modules=ALL-SYSTEM --add-opens=java.base/java.util=ALL-UNNAMED --add-opens=java.base/java.lang=ALL-UNNAMED --add-opens=java.base/sun.nio.fs=ALL-UNNAMED -Declipse.application=org.eclipse.jdt.ls.core.id1 -Dosgi.bundles.defaultStartLevel=4 -Declipse.product=org.eclipse.jdt.ls.core.product -Djava.import.generatesMetadataFilesAtProjectRoot=false -Dfile.encoding=utf8 -DwatchParentProcess=false -XX:+UseParallelGC -XX:GCTimeRatio=4 -XX:AdaptiveSizePolicyWeight=90 -Dsun.zip.disableMemoryMapping=true -Xmx1G -Xms100m -Xlog:jni+resolve=off -javaagent:c:\Users\biasi\.vscode\extensions\redhat.java-1.10.0-win32-x64\lombok\lombok-1.18.24.jar -XX:+HeapDumpOnOutOfMemoryError -XX:HeapDumpPath=c:\Users\biasi\AppData\Roaming\Code\User\workspaceStorage\2cfbc5bfd553f1d81591c569b835f900\redhat.java c:\Users\biasi\.vscode\extensions\redhat.java-1.10.0-win32-x64\server\plugins\org.eclipse.equinox.launcher_1.6.400.v20210924-0641.jar -configuration c:\Users\biasi\AppData\Roaming\Code\User\globalStorage\redhat.java\1.10.0\config_win -data c:\Users\biasi\AppData\Roaming\Code\User\workspaceStorage\2cfbc5bfd553f1d81591c569b835f900\redhat.java\jdt_ws

Host: AMD Athlon 3000G with Radeon Vega Graphics     , 4 cores, 15G,  Windows 10 , 64 bit Build 19041 (10.0.19041.1889)
Time: Sun Sep  4 20:15:42 2022 E. South America Standard Time elapsed time: 0.798549 seconds (0d 0h 0m 0s)

---------------  T H R E A D  ---------------

Current thread (0x000001615ca87580):  JavaThread "C2 CompilerThread1" daemon [_thread_in_native, id=18404, stack(0x0000004851a00000,0x0000004851b00000)]


Current CompileTask:
C2:    798  611       4       java.util.HashMap::put (13 bytes)

Stack: [0x0000004851a00000,0x0000004851b00000]
Native frames: (J=compiled Java code, j=interpreted, Vv=VM code, C=native code)
V  [jvm.dll+0x67733a]
V  [jvm.dll+0x8323c4]
V  [jvm.dll+0x833b6e]
V  [jvm.dll+0x8341d3]
V  [jvm.dll+0x2455e5]
V  [jvm.dll+0xabd7b]
V  [jvm.dll+0xac30c]
V  [jvm.dll+0x363a77]
V  [jvm.dll+0x32de81]
V  [jvm.dll+0x32d32a]
V  [jvm.dll+0x2184d1]
V  [jvm.dll+0x2178f1]
V  [jvm.dll+0x1a3f8d]
V  [jvm.dll+0x227308]
V  [jvm.dll+0x225455]
V  [jvm.dll+0x7e7eeb]
V  [jvm.dll+0x7e245a]
V  [jvm.dll+0x6761c5]
C  [ucrtbase.dll+0x21bb2]
C  [KERNEL32.DLL+0x17034]
C  [ntdll.dll+0x526a1]


---------------  P R O C E S S  ---------------

Threads class SMR info:
_java_thread_list=0x000001615ca02d10, length=13, elements={
0x0000016146f00250, 0x000001615ad24750, 0x000001615ad254d0, 0x000001615ad4f040,
0x000001615ad51fd0, 0x000001615ad532f0, 0x000001615ad55bd0, 0x000001615ad70520,
0x000001615ad71e30, 0x000001615ad72f10, 0x000001615c7a5da0, 0x000001615c9438a0,
0x000001615ca87580
}

Java Threads: ( => current thread )
  0x0000016146f00250 JavaThread "main" [_thread_in_Java, id=2108, stack(0x0000004850b00000,0x0000004850c00000)]
  0x000001615ad24750 JavaThread "Reference Handler" daemon [_thread_blocked, id=16052, stack(0x0000004850e00000,0x0000004850f00000)]
  0x000001615ad254d0 JavaThread "Finalizer" daemon [_thread_blocked, id=7424, stack(0x0000004850f00000,0x0000004851000000)]
  0x000001615ad4f040 JavaThread "Signal Dispatcher" daemon [_thread_blocked, id=9112, stack(0x0000004851000000,0x0000004851100000)]
  0x000001615ad51fd0 JavaThread "Attach Listener" daemon [_thread_blocked, id=19048, stack(0x0000004851100000,0x0000004851200000)]
  0x000001615ad532f0 JavaThread "Service Thread" daemon [_thread_blocked, id=2616, stack(0x0000004851200000,0x0000004851300000)]
  0x000001615ad55bd0 JavaThread "Monitor Deflation Thread" daemon [_thread_blocked, id=9352, stack(0x0000004851300000,0x0000004851400000)]
  0x000001615ad70520 JavaThread "C2 CompilerThread0" daemon [_thread_in_native, id=20504, stack(0x0000004851400000,0x0000004851500000)]
  0x000001615ad71e30 JavaThread "C1 CompilerThread0" daemon [_thread_blocked, id=21236, stack(0x0000004851500000,0x0000004851600000)]
  0x000001615ad72f10 JavaThread "Sweeper thread" daemon [_thread_blocked, id=2284, stack(0x0000004851600000,0x0000004851700000)]
  0x000001615c7a5da0 JavaThread "Common-Cleaner" daemon [_thread_blocked, id=11988, stack(0x0000004851700000,0x0000004851800000)]
  0x000001615c9438a0 JavaThread "Notification Thread" daemon [_thread_blocked, id=12996, stack(0x0000004851800000,0x0000004851900000)]
=>0x000001615ca87580 JavaThread "C2 CompilerThread1" daemon [_thread_in_native, id=18404, stack(0x0000004851a00000,0x0000004851b00000)]

Other Threads:
  0x000001615ad0dd20 VMThread "VM Thread" [stack: 0x0000004850d00000,0x0000004850e00000] [id=12292]
  0x000001615c9442f0 WatcherThread [stack: 0x0000004851900000,0x0000004851a00000] [id=17128]
  0x0000016146f15270 GCTaskThread "GC Thread#0" [stack: 0x0000004850c00000,0x0000004850d00000] [id=8648]

Threads with active compile tasks:
C2 CompilerThread1      817  611       4       java.util.HashMap::put (13 bytes)

VM state: not at safepoint (normal execution)

VM Mutex/Monitor currently owned by a thread: None

Heap address: 0x00000000c0000000, size: 1024 MB, Compressed Oops mode: 32-bit

CDS archive(s) not mapped
Compressed class space mapped at: 0x0000000100000000-0x0000000140000000, reserved size: 1073741824
Narrow klass base: 0x0000000000000000, Narrow klass shift: 3, Narrow klass range: 0x140000000

GC Precious Log:
 CPUs: 4 total, 4 available
 Memory: 16294M
 Large Page Support: Disabled
 NUMA Support: Disabled
 Compressed Oops: Enabled (32-bit)
 Alignments: Space 512K, Generation 512K, Heap 2M
 Heap Min Capacity: 100M
 Heap Initial Capacity: 100M
 Heap Max Capacity: 1G
 Pre-touch: Disabled
 Parallel Workers: 4

Heap:
 PSYoungGen      total 29696K, used 16029K [0x00000000eab00000, 0x00000000ecc00000, 0x0000000100000000)
  eden space 25600K, 62% used [0x00000000eab00000,0x00000000ebaa7750,0x00000000ec400000)
  from space 4096K, 0% used [0x00000000ec800000,0x00000000ec800000,0x00000000ecc00000)
  to   space 4096K, 0% used [0x00000000ec400000,0x00000000ec400000,0x00000000ec800000)
 ParOldGen       total 68608K, used 0K [0x00000000c0000000, 0x00000000c4300000, 0x00000000eab00000)
  object space 68608K, 0% used [0x00000000c0000000,0x00000000c0000000,0x00000000c4300000)
 Metaspace       used 8972K, committed 9088K, reserved 1064960K
  class space    used 903K, committed 960K, reserved 1048576K

Card table byte_map: [0x00000161468c0000,0x0000016146ad0000] _byte_map_base: 0x00000161462c0000

Marking Bits: (ParMarkBitMap*) 0x00007ff8528a2cd0
 Begin Bits: [0x0000016158ba0000, 0x0000016159ba0000)
 End Bits:   [0x0000016159ba0000, 0x000001615aba0000)

Polling page: 0x0000016144e50000

Metaspace:

Usage:
  Non-class:      7.88 MB used.
      Class:    903.24 KB used.
       Both:      8.76 MB used.

Virtual space:
  Non-class space:       16.00 MB reserved,       7.94 MB ( 50%) committed,  2 nodes.
      Class space:        1.00 GB reserved,     960.00 KB ( <1%) committed,  1 nodes.
             Both:        1.02 GB reserved,       8.88 MB ( <1%) committed. 

Chunk freelists:
   Non-Class:  3.91 MB
       Class:  3.09 MB
        Both:  7.00 MB

MaxMetaspaceSize: unlimited
CompressedClassSpaceSize: 1.00 GB
Initial GC threshold: 21.00 MB
Current GC threshold: 21.00 MB
CDS: off
MetaspaceReclaimPolicy: balanced
 - commit_granule_bytes: 65536.
 - commit_granule_words: 8192.
 - virtual_space_node_default_size: 1048576.
 - enlarge_chunks_in_place: 1.
 - new_chunks_are_fully_committed: 0.
 - uncommit_free_chunks: 1.
 - use_allocation_guard: 0.
 - handle_deallocations: 1.


Internal statistics:

num_allocs_failed_limit: 0.
num_arena_births: 10.
num_arena_deaths: 0.
num_vsnodes_births: 3.
num_vsnodes_deaths: 0.
num_space_committed: 142.
num_space_uncommitted: 0.
num_chunks_returned_to_freelist: 0.
num_chunks_taken_from_freelist: 44.
num_chunk_merges: 0.
num_chunk_splits: 24.
num_chunks_enlarged: 20.
num_purges: 0.
num_inconsistent_stats: 0.

CodeHeap 'non-profiled nmethods': size=120000Kb used=225Kb max_used=225Kb free=119774Kb
 bounds [0x0000016151670000, 0x00000161518e0000, 0x0000016158ba0000]
CodeHeap 'profiled nmethods': size=120000Kb used=1058Kb max_used=1058Kb free=118941Kb
 bounds [0x000001614a140000, 0x000001614a3b0000, 0x0000016151670000]
CodeHeap 'non-nmethods': size=5760Kb used=1131Kb max_used=1158Kb free=4628Kb
 bounds [0x0000016149ba0000, 0x0000016149e10000, 0x000001614a140000]
 total_blobs=1073 nmethods=653 adapters=335
 compilation: enabled
              stopped_count=0, restarted_count=0
 full_count=0

Compilation events (20 events):
Event: 0.794 Thread 0x000001615ad71e30 nmethod 608 0x000001614a235590 code [0x000001614a235740, 0x000001614a235968]
Event: 0.794 Thread 0x000001615ad71e30  606       3       java.util.LinkedHashMap::newNode (23 bytes)
Event: 0.795 Thread 0x000001615ad71e30 nmethod 606 0x000001614a235a90 code [0x000001614a235c40, 0x000001614a235f08]
Event: 0.795 Thread 0x000001615ad71e30  607       3       java.util.LinkedHashMap$Entry::<init> (10 bytes)
Event: 0.795 Thread 0x000001615ad71e30 nmethod 607 0x000001614a236090 code [0x000001614a236240, 0x000001614a236458]
Event: 0.795 Thread 0x000001615ad71e30  612       3       java.util.LinkedHashMap::linkNodeLast (33 bytes)
Event: 0.795 Thread 0x000001615ad71e30 nmethod 612 0x000001614a236590 code [0x000001614a236740, 0x000001614a236938]
Event: 0.795 Thread 0x000001615ad71e30  613       3       java.util.LinkedHashMap::afterNodeInsertion (40 bytes)
Event: 0.795 Thread 0x000001615ad71e30 nmethod 613 0x000001614a236a10 code [0x000001614a236bc0, 0x000001614a236db8]
Event: 0.795 Thread 0x000001615ad71e30  617       3       java.lang.Float::isNaN (12 bytes)
Event: 0.795 Thread 0x000001615ad71e30 nmethod 617 0x000001614a236e90 code [0x000001614a237020, 0x000001614a237198]
Event: 0.795 Thread 0x000001615ad71e30  610       1       java.util.jar.Manifest::getEntries (5 bytes)
Event: 0.795 Thread 0x000001615ad71e30 nmethod 610 0x00000161516a4890 code [0x00000161516a4a20, 0x00000161516a4af8]
Event: 0.795 Thread 0x000001615ad71e30  618       3       java.util.HashMap::tableSizeFor (32 bytes)
Event: 0.795 Thread 0x000001615ad71e30 nmethod 618 0x000001614a237210 code [0x000001614a2373c0, 0x000001614a2375e8]
Event: 0.795 Thread 0x000001615ad71e30  619       3       java.util.HashMap::<init> (98 bytes)
Event: 0.796 Thread 0x000001615ad71e30 nmethod 619 0x000001614a237690 code [0x000001614a2379c0, 0x000001614a238a98]
Event: 0.796 Thread 0x000001615ad71e30  623       3       java.util.HashMap::<init> (8 bytes)
Event: 0.796 Thread 0x000001615ad71e30 nmethod 623 0x000001614a239090 code [0x000001614a239260, 0x000001614a2393a8]
Event: 0.796 Thread 0x000001615ad71e30  620       3       java.util.jar.Manifest::getAttributes (14 bytes)

GC Heap History (0 events):
No events

Deoptimization events (20 events):
Event: 0.415 Thread 0x0000016146f00250 DEOPT PACKING pc=0x000001614a15aa93 sp=0x0000004850bfc8c0
Event: 0.415 Thread 0x0000016146f00250 DEOPT UNPACKING pc=0x0000016149bf2843 sp=0x0000004850bfbd80 mode 0
Event: 0.419 Thread 0x0000016146f00250 DEOPT PACKING pc=0x000001614a15aa93 sp=0x0000004850bfc710
Event: 0.419 Thread 0x0000016146f00250 DEOPT UNPACKING pc=0x0000016149bf2843 sp=0x0000004850bfbbd0 mode 0
Event: 0.518 Thread 0x0000016146f00250 Uncommon trap: trap_request=0xffffff45 fr.pc=0x00000161516827c0 relative=0x00000000000000c0
Event: 0.518 Thread 0x0000016146f00250 Uncommon trap: reason=unstable_if action=reinterpret pc=0x00000161516827c0 method=java.net.URI.match(CJJ)Z @ 45 c2
Event: 0.518 Thread 0x0000016146f00250 DEOPT PACKING pc=0x00000161516827c0 sp=0x0000004850bfc750
Event: 0.518 Thread 0x0000016146f00250 DEOPT UNPACKING pc=0x0000016149bf20a3 sp=0x0000004850bfc6d8 mode 2
Event: 0.532 Thread 0x0000016146f00250 Uncommon trap: trap_request=0xffffff45 fr.pc=0x00000161516917ec relative=0x000000000000060c
Event: 0.532 Thread 0x0000016146f00250 Uncommon trap: reason=unstable_if action=reinterpret pc=0x00000161516917ec method=java.lang.String.replace(Ljava/lang/CharSequence;Ljava/lang/CharSequence;)Ljava/lang/String; @ 48 c2
Event: 0.532 Thread 0x0000016146f00250 DEOPT PACKING pc=0x00000161516917ec sp=0x0000004850bfc6d0
Event: 0.532 Thread 0x0000016146f00250 DEOPT UNPACKING pc=0x0000016149bf20a3 sp=0x0000004850bfc650 mode 2
Event: 0.695 Thread 0x0000016146f00250 Uncommon trap: trap_request=0xffffff45 fr.pc=0x000001615169c8f4 relative=0x0000000000000074
Event: 0.695 Thread 0x0000016146f00250 Uncommon trap: reason=unstable_if action=reinterpret pc=0x000001615169c8f4 method=jdk.internal.misc.Unsafe.convEndian(ZI)I @ 4 c2
Event: 0.695 Thread 0x0000016146f00250 DEOPT PACKING pc=0x000001615169c8f4 sp=0x0000004850bfd790
Event: 0.695 Thread 0x0000016146f00250 DEOPT UNPACKING pc=0x0000016149bf20a3 sp=0x0000004850bfd6c0 mode 2
Event: 0.701 Thread 0x0000016146f00250 Uncommon trap: trap_request=0xffffff45 fr.pc=0x0000016151690ba8 relative=0x0000000000000568
Event: 0.701 Thread 0x0000016146f00250 Uncommon trap: reason=unstable_if action=reinterpret pc=0x0000016151690ba8 method=java.lang.AbstractStringBuilder.append(Ljava/lang/String;)Ljava/lang/AbstractStringBuilder; @ 1 c2
Event: 0.701 Thread 0x0000016146f00250 DEOPT PACKING pc=0x0000016151690ba8 sp=0x0000004850bfdb10
Event: 0.701 Thread 0x0000016146f00250 DEOPT UNPACKING pc=0x0000016149bf20a3 sp=0x0000004850bfda90 mode 2

Classes unloaded (0 events):
No events

Classes redefined (0 events):
No events

Internal exceptions (13 events):
Event: 0.143 Thread 0x0000016146f00250 Exception <a 'java/lang/NoSuchMethodError'{0x00000000eacb21e0}: 'void java.lang.invoke.DirectMethodHandle$Holder.invokeStatic(java.lang.Object, java.lang.Object, java.lang.Object)'> (0x00000000eacb21e0) 
thrown [s\src\hotspot\share\interpreter\linkResolver.cpp, line 759]
Event: 0.306 Thread 0x0000016146f00250 Exception <a 'java/lang/reflect/InvocationTargetException'{0x00000000eaf79080}> (0x00000000eaf79080) 
thrown [s\src\hotspot\share\runtime\reflection.cpp, line 1121]
Event: 0.684 Thread 0x0000016146f00250 Exception <a 'java/lang/ClassNotFoundException'{0x00000000eb711a68}: sun/net/www/protocol/c/Handler> (0x00000000eb711a68) 
thrown [s\src\hotspot\share\classfile\systemDictionary.cpp, line 256]
Event: 0.692 Thread 0x0000016146f00250 Exception <a 'java/io/FileNotFoundException'{0x00000000eb72d608}> (0x00000000eb72d608) 
thrown [s\src\hotspot\share\prims\jni.cpp, line 516]
Event: 0.693 Thread 0x0000016146f00250 Exception <a 'java/io/FileNotFoundException'{0x00000000eb72e318}> (0x00000000eb72e318) 
thrown [s\src\hotspot\share\prims\jni.cpp, line 516]
Event: 0.693 Thread 0x0000016146f00250 Exception <a 'java/io/FileNotFoundException'{0x00000000eb72f008}> (0x00000000eb72f008) 
thrown [s\src\hotspot\share\prims\jni.cpp, line 516]
Event: 0.694 Thread 0x0000016146f00250 Exception <a 'java/io/FileNotFoundException'{0x00000000eb72fcc8}> (0x00000000eb72fcc8) 
thrown [s\src\hotspot\share\prims\jni.cpp, line 516]
Event: 0.701 Thread 0x0000016146f00250 Implicit null exception at 0x0000016151690672 to 0x0000016151690b90
Event: 0.718 Thread 0x0000016146f00250 Exception <a 'java/io/FileNotFoundException'{0x00000000eb76e480}> (0x00000000eb76e480) 
thrown [s\src\hotspot\share\prims\jni.cpp, line 516]
Event: 0.751 Thread 0x0000016146f00250 Exception <a 'sun/nio/fs/WindowsException'{0x00000000eb7a4718}> (0x00000000eb7a4718) 
thrown [s\src\hotspot\share\prims\jni.cpp, line 516]
Event: 0.752 Thread 0x0000016146f00250 Exception <a 'sun/nio/fs/WindowsException'{0x00000000eb7aeba0}> (0x00000000eb7aeba0) 
thrown [s\src\hotspot\share\prims\jni.cpp, line 516]
Event: 0.752 Thread 0x0000016146f00250 Exception <a 'sun/nio/fs/WindowsException'{0x00000000eb7b2090}> (0x00000000eb7b2090) 
thrown [s\src\hotspot\share\prims\jni.cpp, line 516]
Event: 0.753 Thread 0x0000016146f00250 Exception <a 'sun/nio/fs/WindowsException'{0x00000000eb7b2800}> (0x00000000eb7b2800) 
thrown [s\src\hotspot\share\prims\jni.cpp, line 516]

VM Operations (8 events):
Event: 0.150 Executing VM operation: HandshakeAllThreads
Event: 0.150 Executing VM operation: HandshakeAllThreads done
Event: 0.243 Executing VM operation: HandshakeAllThreads
Event: 0.243 Executing VM operation: HandshakeAllThreads done
Event: 0.654 Executing VM operation: HandshakeAllThreads
Event: 0.654 Executing VM operation: HandshakeAllThreads done
Event: 0.677 Executing VM operation: HandshakeAllThreads
Event: 0.677 Executing VM operation: HandshakeAllThreads done

Events (20 events):
Event: 0.774 loading class sun/nio/fs/WindowsFileSystemProvider$1
Event: 0.774 loading class sun/nio/fs/WindowsFileSystemProvider$1 done
Event: 0.774 loading class sun/nio/fs/WindowsLinkSupport
Event: 0.775 loading class sun/nio/fs/WindowsLinkSupport done
Event: 0.775 loading class sun/nio/fs/WindowsAclFileAttributeView
Event: 0.775 loading class sun/nio/fs/AbstractAclFileAttributeView
Event: 0.775 loading class java/nio/file/attribute/AclFileAttributeView
Event: 0.775 loading class java/nio/file/attribute/FileOwnerAttributeView
Event: 0.775 loading class java/nio/file/attribute/FileOwnerAttributeView done
Event: 0.775 loading class java/nio/file/attribute/AclFileAttributeView done
Event: 0.776 loading class sun/nio/fs/AbstractAclFileAttributeView done
Event: 0.776 loading class sun/nio/fs/WindowsAclFileAttributeView done
Event: 0.776 loading class sun/nio/fs/WindowsSecurity
Event: 0.776 loading class sun/nio/fs/WindowsSecurity done
Event: 0.777 loading class sun/nio/fs/WindowsFileStore
Event: 0.777 loading class java/nio/file/FileStore
Event: 0.777 loading class java/nio/file/FileStore done
Event: 0.778 loading class sun/nio/fs/WindowsFileStore done
Event: 0.781 loading class java/net/URLClassLoader$1
Event: 0.781 loading class java/net/URLClassLoader$1 done


Dynamic libraries:
0x00007ff750020000 - 0x00007ff75002e000 	c:\Users\biasi\.vscode\extensions\redhat.java-1.10.0-win32-x64\jre\17.0.4-win32-x86_64\bin\java.exe
0x00007ff8b2a50000 - 0x00007ff8b2c48000 	C:\Windows\SYSTEM32\ntdll.dll
0x00007ff8b2950000 - 0x00007ff8b2a0d000 	C:\Windows\System32\KERNEL32.DLL
0x00007ff8b01c0000 - 0x00007ff8b048e000 	C:\Windows\System32\KERNELBASE.dll
0x00007ff8b0490000 - 0x00007ff8b0590000 	C:\Windows\System32\ucrtbase.dll
0x00007ff898e60000 - 0x00007ff898e78000 	c:\Users\biasi\.vscode\extensions\redhat.java-1.10.0-win32-x64\jre\17.0.4-win32-x86_64\bin\jli.dll
0x00007ff8b1c60000 - 0x00007ff8b1e00000 	C:\Windows\System32\USER32.dll
0x00007ff8b05c0000 - 0x00007ff8b05e2000 	C:\Windows\System32\win32u.dll
0x00007ff88b540000 - 0x00007ff88b559000 	c:\Users\biasi\.vscode\extensions\redhat.java-1.10.0-win32-x64\jre\17.0.4-win32-x86_64\bin\VCRUNTIME140.dll
0x00007ff8b2320000 - 0x00007ff8b234a000 	C:\Windows\System32\GDI32.dll
0x00007ff8b09a0000 - 0x00007ff8b0aab000 	C:\Windows\System32\gdi32full.dll
0x00007ff8b05f0000 - 0x00007ff8b068d000 	C:\Windows\System32\msvcp_win.dll
0x00007ff89af70000 - 0x00007ff89b20a000 	C:\Windows\WinSxS\amd64_microsoft.windows.common-controls_6595b64144ccf1df_6.0.19041.1110_none_60b5254171f9507e\COMCTL32.dll
0x00007ff8b28a0000 - 0x00007ff8b293e000 	C:\Windows\System32\msvcrt.dll
0x00007ff8b1050000 - 0x00007ff8b1080000 	C:\Windows\System32\IMM32.DLL
0x00007ff894ae0000 - 0x00007ff894aec000 	c:\Users\biasi\.vscode\extensions\redhat.java-1.10.0-win32-x64\jre\17.0.4-win32-x86_64\bin\vcruntime140_1.dll
0x00007ff8541e0000 - 0x00007ff854271000 	c:\Users\biasi\.vscode\extensions\redhat.java-1.10.0-win32-x64\jre\17.0.4-win32-x86_64\bin\msvcp140.dll
0x00007ff851d20000 - 0x00007ff852966000 	c:\Users\biasi\.vscode\extensions\redhat.java-1.10.0-win32-x64\jre\17.0.4-win32-x86_64\bin\server\jvm.dll
0x00007ff8b25c0000 - 0x00007ff8b266e000 	C:\Windows\System32\ADVAPI32.dll
0x00007ff8b1f50000 - 0x00007ff8b1fec000 	C:\Windows\System32\sechost.dll
0x00007ff8b2350000 - 0x00007ff8b2475000 	C:\Windows\System32\RPCRT4.dll
0x00007ff8b2480000 - 0x00007ff8b2488000 	C:\Windows\System32\PSAPI.DLL
0x00007ff8a7ba0000 - 0x00007ff8a7bc7000 	C:\Windows\SYSTEM32\WINMM.dll
0x00007ff88b730000 - 0x00007ff88b739000 	C:\Windows\SYSTEM32\WSOCK32.dll
0x00007ff8b2050000 - 0x00007ff8b20bb000 	C:\Windows\System32\WS2_32.dll
0x00007ff8a7bd0000 - 0x00007ff8a7bda000 	C:\Windows\SYSTEM32\VERSION.dll
0x00007ff8ae080000 - 0x00007ff8ae092000 	C:\Windows\SYSTEM32\kernel.appcore.dll
0x00007ff88ff90000 - 0x00007ff88ff9a000 	c:\Users\biasi\.vscode\extensions\redhat.java-1.10.0-win32-x64\jre\17.0.4-win32-x86_64\bin\jimage.dll
0x00007ff8a8f00000 - 0x00007ff8a90e4000 	C:\Windows\SYSTEM32\DBGHELP.DLL
0x00007ff8a3f60000 - 0x00007ff8a3f8c000 	C:\Windows\SYSTEM32\dbgcore.DLL
0x00007ff8b0740000 - 0x00007ff8b07c2000 	C:\Windows\System32\bcryptPrimitives.dll
0x00007ff88ff60000 - 0x00007ff88ff6e000 	c:\Users\biasi\.vscode\extensions\redhat.java-1.10.0-win32-x64\jre\17.0.4-win32-x86_64\bin\instrument.dll
0x00007ff8892b0000 - 0x00007ff8892d5000 	c:\Users\biasi\.vscode\extensions\redhat.java-1.10.0-win32-x64\jre\17.0.4-win32-x86_64\bin\java.dll
0x00007ff88b410000 - 0x00007ff88b428000 	c:\Users\biasi\.vscode\extensions\redhat.java-1.10.0-win32-x64\jre\17.0.4-win32-x86_64\bin\zip.dll
0x00007ff8b1080000 - 0x00007ff8b17c3000 	C:\Windows\System32\SHELL32.dll
0x00007ff8ae280000 - 0x00007ff8aea15000 	C:\Windows\SYSTEM32\windows.storage.dll
0x00007ff8b0c60000 - 0x00007ff8b0fb4000 	C:\Windows\System32\combase.dll
0x00007ff8afbd0000 - 0x00007ff8afc00000 	C:\Windows\SYSTEM32\Wldp.dll
0x00007ff8b2270000 - 0x00007ff8b231d000 	C:\Windows\System32\SHCORE.dll
0x00007ff8b2670000 - 0x00007ff8b26c5000 	C:\Windows\System32\shlwapi.dll
0x00007ff8b00b0000 - 0x00007ff8b00cf000 	C:\Windows\SYSTEM32\profapi.dll
0x00007ff88b520000 - 0x00007ff88b539000 	C:\Users\biasi\.vscode\extensions\redhat.java-1.10.0-win32-x64\jre\17.0.4-win32-x86_64\bin\net.dll
0x00007ff8a3ab0000 - 0x00007ff8a3bba000 	C:\Windows\SYSTEM32\WINHTTP.dll
0x00007ff8af930000 - 0x00007ff8af99a000 	C:\Windows\system32\mswsock.dll
0x00007ff88adc0000 - 0x00007ff88add5000 	C:\Users\biasi\.vscode\extensions\redhat.java-1.10.0-win32-x64\jre\17.0.4-win32-x86_64\bin\nio.dll
0x00007ff88f540000 - 0x00007ff88f550000 	c:\Users\biasi\.vscode\extensions\redhat.java-1.10.0-win32-x64\jre\17.0.4-win32-x86_64\bin\verify.dll

dbghelp: loaded successfully - version: 4.0.5 - missing functions: none
symbol engine: initialized successfully - sym options: 0x614 - pdb path: .;c:\Users\biasi\.vscode\extensions\redhat.java-1.10.0-win32-x64\jre\17.0.4-win32-x86_64\bin;C:\Windows\SYSTEM32;C:\Windows\WinSxS\amd64_microsoft.windows.common-controls_6595b64144ccf1df_6.0.19041.1110_none_60b5254171f9507e;c:\Users\biasi\.vscode\extensions\redhat.java-1.10.0-win32-x64\jre\17.0.4-win32-x86_64\bin\server

VM Arguments:
jvm_args: --add-modules=ALL-SYSTEM --add-opens=java.base/java.util=ALL-UNNAMED --add-opens=java.base/java.lang=ALL-UNNAMED --add-opens=java.base/sun.nio.fs=ALL-UNNAMED -Declipse.application=org.eclipse.jdt.ls.core.id1 -Dosgi.bundles.defaultStartLevel=4 -Declipse.product=org.eclipse.jdt.ls.core.product -Djava.import.generatesMetadataFilesAtProjectRoot=false -Dfile.encoding=utf8 -DwatchParentProcess=false -XX:+UseParallelGC -XX:GCTimeRatio=4 -XX:AdaptiveSizePolicyWeight=90 -Dsun.zip.disableMemoryMapping=true -Xmx1G -Xms100m -Xlog:jni+resolve=off -javaagent:c:\Users\biasi\.vscode\extensions\redhat.java-1.10.0-win32-x64\lombok\lombok-1.18.24.jar -XX:+HeapDumpOnOutOfMemoryError -XX:HeapDumpPath=c:\Users\biasi\AppData\Roaming\Code\User\workspaceStorage\2cfbc5bfd553f1d81591c569b835f900\redhat.java 
java_command: c:\Users\biasi\.vscode\extensions\redhat.java-1.10.0-win32-x64\server\plugins\org.eclipse.equinox.launcher_1.6.400.v20210924-0641.jar -configuration c:\Users\biasi\AppData\Roaming\Code\User\globalStorage\redhat.java\1.10.0\config_win -data c:\Users\biasi\AppData\Roaming\Code\User\workspaceStorage\2cfbc5bfd553f1d81591c569b835f900\redhat.java\jdt_ws
java_class_path (initial): c:\Users\biasi\.vscode\extensions\redhat.java-1.10.0-win32-x64\server\plugins\org.eclipse.equinox.launcher_1.6.400.v20210924-0641.jar
Launcher Type: SUN_STANDARD

[Global flags]
    uintx AdaptiveSizePolicyWeight                 = 90                                        {product} {command line}
     intx CICompilerCount                          = 3                                         {product} {ergonomic}
    uintx GCTimeRatio                              = 4                                         {product} {command line}
     bool HeapDumpOnOutOfMemoryError               = true                                   {manageable} {command line}
    ccstr HeapDumpPath                             = c:\Users\biasi\AppData\Roaming\Code\User\workspaceStorage\2cfbc5bfd553f1d81591c569b835f900\redhat.java         {manageable} {command line}
   size_t InitialHeapSize                          = 104857600                                 {product} {command line}
   size_t MaxHeapSize                              = 1073741824                                {product} {command line}
   size_t MaxNewSize                               = 357564416                                 {product} {ergonomic}
   size_t MinHeapDeltaBytes                        = 524288                                    {product} {ergonomic}
   size_t MinHeapSize                              = 104857600                                 {product} {command line}
   size_t NewSize                                  = 34603008                                  {product} {ergonomic}
    uintx NonNMethodCodeHeapSize                   = 5832780                                {pd product} {ergonomic}
    uintx NonProfiledCodeHeapSize                  = 122912730                              {pd product} {ergonomic}
   size_t OldSize                                  = 70254592                                  {product} {ergonomic}
    uintx ProfiledCodeHeapSize                     = 122912730                              {pd product} {ergonomic}
    uintx ReservedCodeCacheSize                    = 251658240                              {pd product} {ergonomic}
     bool SegmentedCodeCache                       = true                                      {product} {ergonomic}
   size_t SoftMaxHeapSize                          = 1073741824                             {manageable} {ergonomic}
     bool UseCompressedClassPointers               = true                           {product lp64_product} {ergonomic}
     bool UseCompressedOops                        = true                           {product lp64_product} {ergonomic}
     bool UseLargePagesIndividualAllocation        = false                                  {pd product} {ergonomic}
     bool UseParallelGC                            = true                                      {product} {command line}

Logging:
Log output configuration:
 #0: stdout all=warning,jni+resolve=off uptime,level,tags
 #1: stderr all=off uptime,level,tags

Environment Variables:
JAVA_HOME=C:\src\zulu11.48.21-ca-jdk11.0.11-win_x64
PATH=C:\src\zulu11.48.21-ca-jdk11.0.11-win_x64\bin;C:\Program Files\Common Files\Oracle\Java\javapath;C:\Program Files (x86)\Common Files\Oracle\Java\javapath;C:\Windows\system32;C:\Windows;C:\Windows\System32\Wbem;C:\Windows\System32\WindowsPowerShell\v1.0\;C:\Windows\System32\OpenSSH\;C:\src\Git\cmd;C:\Program Files\Git\cmd;C:\Program Files\nodejs\;C:\Program Files\Java\jdk1.8.0_341\bin;C:\Users\biasi\anaconda3\pkgs\python-3.9.12-h6244533_0;C:\Program Files\MySQL\MySQL Shell 8.0\bin\;C:\src\flutter\bin;D:\VS code\Microsoft VS Code\bin;C:\src\Git;C:\Users\biasi\AppData\Roaming\npm
USERNAME=biasi
OS=Windows_NT
PROCESSOR_IDENTIFIER=AMD64 Family 23 Model 17 Stepping 0, AuthenticAMD
TMP=C:\Users\biasi\AppData\Local\Temp
TEMP=C:\Users\biasi\AppData\Local\Temp



---------------  S Y S T E M  ---------------

OS:
 Windows 10 , 64 bit Build 19041 (10.0.19041.1889)
OS uptime: 6 days 0:25 hours

CPU: total 4 (initial active 4) (4 cores per cpu, 2 threads per core) family 23 model 17 stepping 0 microcode 0x0, cx8, cmov, fxsr, ht, mmx, 3dnowpref, sse, sse2, sse3, ssse3, sse4a, sse4.1, sse4.2, popcnt, lzcnt, tsc, tscinvbit, avx, avx2, aes, clmul, bmi1, bmi2, adx, sha, fma, vzeroupper, clflush, clflushopt

Memory: 4k page, system-wide physical 16294M (5020M free)
TotalPageFile size 31425M (AvailPageFile size 4M)
current process WorkingSet (physical memory assigned to process): 58M, peak: 58M
current process commit charge ("private bytes"): 183M, peak: 183M

vm_info: OpenJDK 64-Bit Server VM (17.0.4+8) for windows-amd64 JRE (17.0.4+8), built on Jul 19 2022 16:05:16 by "temurin" with MS VC++ 16.7 (VS2019)

END.
