#
# There is insufficient memory for the Java Runtime Environment to continue.
# Native memory allocation (mmap) failed to map 65536 bytes for Failed to commit metaspace.
# Possible reasons:
#   The system is out of physical RAM or swap space
#   The process is running with CompressedOops enabled, and the Java Heap may be blocking the growth of the native heap
# Possible solutions:
#   Reduce memory load on the system
#   Increase physical memory or swap space
#   Check if swap backing store is full
#   Decrease Java heap size (-Xmx/-Xms)
#   Decrease number of Java threads
#   Decrease Java thread stack sizes (-Xss)
#   Set larger code cache with -XX:ReservedCodeCacheSize=
#   JVM is running with Unscaled Compressed Oops mode in which the Java heap is
#     placed in the first 4GB address space. The Java Heap base address is the
#     maximum limit for the native heap growth. Please use -XX:HeapBaseMinAddress
#     to set the Java Heap base and to place the Java Heap above 4GB virtual address.
# This output file may be truncated or incomplete.
#
#  Out of Memory Error (virtualSpaceNode.cpp:110), pid=13296, tid=16148
#
# JRE version:  (17.0.4+8) (build )
# Java VM: OpenJDK 64-Bit Server VM (17.0.4+8, mixed mode, tiered, compressed oops, compressed class ptrs, parallel gc, windows-amd64)
# No core dump will be written. Minidumps are not enabled by default on client versions of Windows
#

---------------  S U M M A R Y ------------

Command Line: --add-modules=ALL-SYSTEM --add-opens=java.base/java.util=ALL-UNNAMED --add-opens=java.base/java.lang=ALL-UNNAMED --add-opens=java.base/sun.nio.fs=ALL-UNNAMED -Declipse.application=org.eclipse.jdt.ls.core.id1 -Dosgi.bundles.defaultStartLevel=4 -Declipse.product=org.eclipse.jdt.ls.core.product -Djava.import.generatesMetadataFilesAtProjectRoot=false -Dfile.encoding=utf8 -DwatchParentProcess=false -XX:+UseParallelGC -XX:GCTimeRatio=4 -XX:AdaptiveSizePolicyWeight=90 -Dsun.zip.disableMemoryMapping=true -Xmx1G -Xms100m -Xlog:jni+resolve=off -javaagent:c:\Users\biasi\.vscode\extensions\redhat.java-1.10.0-win32-x64\lombok\lombok-1.18.24.jar -XX:+HeapDumpOnOutOfMemoryError -XX:HeapDumpPath=c:\Users\biasi\AppData\Roaming\Code\User\workspaceStorage\2cfbc5bfd553f1d81591c569b835f900\redhat.java c:\Users\biasi\.vscode\extensions\redhat.java-1.10.0-win32-x64\server\plugins\org.eclipse.equinox.launcher_1.6.400.v20210924-0641.jar -configuration c:\Users\biasi\AppData\Roaming\Code\User\globalStorage\redhat.java\1.10.0\config_win -data c:\Users\biasi\AppData\Roaming\Code\User\workspaceStorage\2cfbc5bfd553f1d81591c569b835f900\redhat.java\jdt_ws

Host: AMD Athlon 3000G with Radeon Vega Graphics     , 4 cores, 15G,  Windows 10 , 64 bit Build 19041 (10.0.19041.1889)
Time: Sun Sep  4 20:15:41 2022 E. South America Standard Time elapsed time: 0.070850 seconds (0d 0h 0m 0s)

---------------  T H R E A D  ---------------

Current thread (0x000001efc0fd1970):  JavaThread "main" [_thread_in_vm, id=16148, stack(0x000000ce5df00000,0x000000ce5e000000)]

Stack: [0x000000ce5df00000,0x000000ce5e000000]
Native frames: (J=compiled Java code, j=interpreted, Vv=VM code, C=native code)
V  [jvm.dll+0x67733a]
V  [jvm.dll+0x8323c4]
V  [jvm.dll+0x833b6e]
V  [jvm.dll+0x8341d3]
V  [jvm.dll+0x2455e5]
V  [jvm.dll+0x82e36b]
V  [jvm.dll+0x61be16]
V  [jvm.dll+0x61be7a]
V  [jvm.dll+0x61e69a]
V  [jvm.dll+0x61c7b6]
V  [jvm.dll+0x239c7f]
V  [jvm.dll+0x6265c5]
V  [jvm.dll+0x1ea42b]
V  [jvm.dll+0x1ea965]
V  [jvm.dll+0x1eb39f]
V  [jvm.dll+0x1e0841]
V  [jvm.dll+0x53c8f0]
V  [jvm.dll+0x1f1037]
V  [jvm.dll+0x7ac5bb]
V  [jvm.dll+0x7ad962]
V  [jvm.dll+0x7ae0f9]
V  [jvm.dll+0x1eb654]
V  [jvm.dll+0x1e085a]
V  [jvm.dll+0x53c8f0]
V  [jvm.dll+0x1f1037]
V  [jvm.dll+0x7ac5bb]
V  [jvm.dll+0x7ad962]
V  [jvm.dll+0x7adc98]
V  [jvm.dll+0x23d9ee]
V  [jvm.dll+0x37f27e]
C  0x000001efc3c8af44

Java frames: (J=compiled Java code, j=interpreted, Vv=VM code)
j  java.lang.System.initPhase1()V+71 java.base
v  ~StubRoutines::call_stub

---------------  P R O C E S S  ---------------

Threads class SMR info:
_java_thread_list=0x000001efd4df4200, length=3, elements={
0x000001efc0fd1970, 0x000001efd4dddd60, 0x000001efd4df5510
}

Java Threads: ( => current thread )
=>0x000001efc0fd1970 JavaThread "main" [_thread_in_vm, id=16148, stack(0x000000ce5df00000,0x000000ce5e000000)]
  0x000001efd4dddd60 JavaThread "Reference Handler" daemon [_thread_blocked, id=20824, stack(0x000000ce5e200000,0x000000ce5e300000)]
  0x000001efd4df5510 JavaThread "Finalizer" daemon [_thread_blocked, id=21056, stack(0x000000ce5e300000,0x000000ce5e400000)]

Other Threads:
  0x000001efc10aeae0 VMThread "VM Thread" [stack: 0x000000ce5e100000,0x000000ce5e200000] [id=10948]
  0x000001efbedbd100 GCTaskThread "GC Thread#0" [stack: 0x000000ce5e000000,0x000000ce5e100000] [id=12516]

Threads with active compile tasks:

VM state: not at safepoint (normal execution)

VM Mutex/Monitor currently owned by a thread:  ([mutex/lock_event])
[0x000001efc0fcb810] Metaspace_lock - owner thread: 0x000001efc0fd1970

Heap address: 0x00000000c0000000, size: 1024 MB, Compressed Oops mode: 32-bit

CDS archive(s) not mapped
Compressed class space mapped at: 0x0000000100000000-0x0000000140000000, reserved size: 1073741824
Narrow klass base: 0x0000000000000000, Narrow klass shift: 3, Narrow klass range: 0x140000000

GC Precious Log:
 CPUs: 4 total, 4 available
 Memory: 16294M
 Large Page Support: Disabled
 NUMA Support: Disabled
 Compressed Oops: Enabled (32-bit)
 Alignments: Space 512K, Generation 512K, Heap 2M
 Heap Min Capacity: 100M
 Heap Initial Capacity: 100M
 Heap Max Capacity: 1G
 Pre-touch: Disabled
 Parallel Workers: 4

Heap:
 PSYoungGen      total 29696K, used 1024K [0x00000000eab00000, 0x00000000ecc00000, 0x0000000100000000)
  eden space 25600K, 4% used [0x00000000eab00000,0x00000000eac00138,0x00000000ec400000)
  from space 4096K, 0% used [0x00000000ec800000,0x00000000ec800000,0x00000000ecc00000)
  to   space 4096K, 0% used [0x00000000ec400000,0x00000000ec400000,0x00000000ec800000)
 ParOldGen       total 68608K, used 0K [0x00000000c0000000, 0x00000000c4300000, 0x00000000eab00000)
  object space 68608K, 0% used [0x00000000c0000000,0x00000000c0000000,0x00000000c4300000)
 Metaspace       used 1824K, committed 1856K, reserved 1056768K
  class space    used 160K, committed 192K, reserved 1048576K

Card table byte_map: [0x000001efc09b0000,0x000001efc0bc0000] _byte_map_base: 0x000001efc03b0000

Marking Bits: (ParMarkBitMap*) 0x00007ff8528a2cd0
 Begin Bits: [0x000001efd2c70000, 0x000001efd3c70000)
 End Bits:   [0x000001efd3c70000, 0x000001efd4c70000)

Polling page: 0x000001efbeff0000

Metaspace:

Usage:
  Non-class:      1.62 MB used.
      Class:    160.31 KB used.
       Both:      1.78 MB used.

Virtual space:
  Non-class space:        8.00 MB reserved,       1.62 MB ( 20%) committed,  1 nodes.
      Class space:        1.00 GB reserved,     192.00 KB ( <1%) committed,  1 nodes.
             Both:        1.01 GB reserved,       1.81 MB ( <1%) committed. 

Chunk freelists:
   Non-Class:  0 bytes
       Class:  3.75 MB
        Both:  3.75 MB

MaxMetaspaceSize: unlimited
CompressedClassSpaceSize: 1.00 GB
Initial GC threshold: 21.00 MB
Current GC threshold: 17179869184.00 GB
CDS: off
MetaspaceReclaimPolicy: balanced
 - commit_granule_bytes: 65536.
 - commit_granule_words: 8192.
 - virtual_space_node_default_size: 1048576.
 - enlarge_chunks_in_place: 1.
 - new_chunks_are_fully_committed: 0.
 - uncommit_free_chunks: 1.
 - use_allocation_guard: 0.
 - handle_deallocations: 1.


Internal statistics:

num_allocs_failed_limit: 0.
num_arena_births: 2.
num_arena_deaths: 0.
num_vsnodes_births: 2.
num_vsnodes_deaths: 0.
num_space_committed: 29.
num_space_uncommitted: 0.
num_chunks_returned_to_freelist: 0.
num_chunks_taken_from_freelist: 3.
num_chunk_merges: 0.
num_chunk_splits: 1.
num_chunks_enlarged: 0.
num_purges: 0.
num_inconsistent_stats: 0.

CodeHeap 'non-profiled nmethods': size=120000Kb used=0Kb max_used=0Kb free=120000Kb
 bounds [0x000001efcb740000, 0x000001efcb9b0000, 0x000001efd2c70000]
CodeHeap 'profiled nmethods': size=120000Kb used=0Kb max_used=0Kb free=120000Kb
 bounds [0x000001efc4210000, 0x000001efc4480000, 0x000001efcb740000]
CodeHeap 'non-nmethods': size=5760Kb used=371Kb max_used=371Kb free=5388Kb
 bounds [0x000001efc3c70000, 0x000001efc3ee0000, 0x000001efc4210000]
 total_blobs=165 nmethods=0 adapters=138
 compilation: enabled
              stopped_count=0, restarted_count=0
 full_count=0

Compilation events (0 events):
No events

GC Heap History (0 events):
No events

Deoptimization events (0 events):
No events

Classes unloaded (0 events):
No events

Classes redefined (0 events):
No events

Internal exceptions (0 events):
No events

VM Operations (0 events):
No events

Events (20 events):
Event: 0.066 loading class java/util/HashMap$HashIterator done
Event: 0.066 loading class java/util/HashMap$EntryIterator done
Event: 0.066 loading class jdk/internal/util/StaticProperty
Event: 0.066 loading class jdk/internal/util/StaticProperty done
Event: 0.067 loading class java/io/FileInputStream
Event: 0.067 loading class java/io/FileInputStream done
Event: 0.067 loading class java/io/FileDescriptor
Event: 0.067 loading class java/io/FileDescriptor done
Event: 0.067 loading class java/io/FileDescriptor$1
Event: 0.067 loading class jdk/internal/access/JavaIOFileDescriptorAccess
Event: 0.067 loading class jdk/internal/access/JavaIOFileDescriptorAccess done
Event: 0.067 loading class java/io/FileDescriptor$1 done
Event: 0.067 loading class java/io/FileOutputStream
Event: 0.067 loading class java/io/OutputStream
Event: 0.067 loading class java/io/Flushable
Event: 0.067 loading class java/io/Flushable done
Event: 0.067 loading class java/io/OutputStream done
Event: 0.067 loading class java/io/FileOutputStream done
Event: 0.067 loading class java/io/BufferedInputStream
Event: 0.067 loading class java/io/FilterInputStream


Dynamic libraries:
0x00007ff750020000 - 0x00007ff75002e000 	c:\Users\biasi\.vscode\extensions\redhat.java-1.10.0-win32-x64\jre\17.0.4-win32-x86_64\bin\java.exe
0x00007ff8b2a50000 - 0x00007ff8b2c48000 	C:\Windows\SYSTEM32\ntdll.dll
0x00007ff8b2950000 - 0x00007ff8b2a0d000 	C:\Windows\System32\KERNEL32.DLL
0x00007ff8b01c0000 - 0x00007ff8b048e000 	C:\Windows\System32\KERNELBASE.dll
0x00007ff8b0490000 - 0x00007ff8b0590000 	C:\Windows\System32\ucrtbase.dll
0x00007ff898e60000 - 0x00007ff898e78000 	c:\Users\biasi\.vscode\extensions\redhat.java-1.10.0-win32-x64\jre\17.0.4-win32-x86_64\bin\jli.dll
0x00007ff88b540000 - 0x00007ff88b559000 	c:\Users\biasi\.vscode\extensions\redhat.java-1.10.0-win32-x64\jre\17.0.4-win32-x86_64\bin\VCRUNTIME140.dll
0x00007ff8b1c60000 - 0x00007ff8b1e00000 	C:\Windows\System32\USER32.dll
0x00007ff8b05c0000 - 0x00007ff8b05e2000 	C:\Windows\System32\win32u.dll
0x00007ff8b2320000 - 0x00007ff8b234a000 	C:\Windows\System32\GDI32.dll
0x00007ff89af70000 - 0x00007ff89b20a000 	C:\Windows\WinSxS\amd64_microsoft.windows.common-controls_6595b64144ccf1df_6.0.19041.1110_none_60b5254171f9507e\COMCTL32.dll
0x00007ff8b09a0000 - 0x00007ff8b0aab000 	C:\Windows\System32\gdi32full.dll
0x00007ff8b28a0000 - 0x00007ff8b293e000 	C:\Windows\System32\msvcrt.dll
0x00007ff8b05f0000 - 0x00007ff8b068d000 	C:\Windows\System32\msvcp_win.dll
0x00007ff8b1050000 - 0x00007ff8b1080000 	C:\Windows\System32\IMM32.DLL
0x00007ff894ae0000 - 0x00007ff894aec000 	c:\Users\biasi\.vscode\extensions\redhat.java-1.10.0-win32-x64\jre\17.0.4-win32-x86_64\bin\vcruntime140_1.dll
0x00007ff8541e0000 - 0x00007ff854271000 	c:\Users\biasi\.vscode\extensions\redhat.java-1.10.0-win32-x64\jre\17.0.4-win32-x86_64\bin\msvcp140.dll
0x00007ff851d20000 - 0x00007ff852966000 	c:\Users\biasi\.vscode\extensions\redhat.java-1.10.0-win32-x64\jre\17.0.4-win32-x86_64\bin\server\jvm.dll
0x00007ff8b25c0000 - 0x00007ff8b266e000 	C:\Windows\System32\ADVAPI32.dll
0x00007ff8b1f50000 - 0x00007ff8b1fec000 	C:\Windows\System32\sechost.dll
0x00007ff8b2350000 - 0x00007ff8b2475000 	C:\Windows\System32\RPCRT4.dll
0x00007ff8b2480000 - 0x00007ff8b2488000 	C:\Windows\System32\PSAPI.DLL
0x00007ff88b730000 - 0x00007ff88b739000 	C:\Windows\SYSTEM32\WSOCK32.dll
0x00007ff8b2050000 - 0x00007ff8b20bb000 	C:\Windows\System32\WS2_32.dll
0x00007ff8a7ba0000 - 0x00007ff8a7bc7000 	C:\Windows\SYSTEM32\WINMM.dll
0x00007ff8a7bd0000 - 0x00007ff8a7bda000 	C:\Windows\SYSTEM32\VERSION.dll
0x00007ff8ae080000 - 0x00007ff8ae092000 	C:\Windows\SYSTEM32\kernel.appcore.dll
0x00007ff88ff90000 - 0x00007ff88ff9a000 	c:\Users\biasi\.vscode\extensions\redhat.java-1.10.0-win32-x64\jre\17.0.4-win32-x86_64\bin\jimage.dll
0x00007ff8a8f00000 - 0x00007ff8a90e4000 	C:\Windows\SYSTEM32\DBGHELP.DLL
0x00007ff8a3f60000 - 0x00007ff8a3f8c000 	C:\Windows\SYSTEM32\dbgcore.DLL
0x00007ff8b0740000 - 0x00007ff8b07c2000 	C:\Windows\System32\bcryptPrimitives.dll
0x00007ff88ff60000 - 0x00007ff88ff6e000 	c:\Users\biasi\.vscode\extensions\redhat.java-1.10.0-win32-x64\jre\17.0.4-win32-x86_64\bin\instrument.dll
0x00007ff8892b0000 - 0x00007ff8892d5000 	c:\Users\biasi\.vscode\extensions\redhat.java-1.10.0-win32-x64\jre\17.0.4-win32-x86_64\bin\java.dll
0x00007ff88b410000 - 0x00007ff88b428000 	c:\Users\biasi\.vscode\extensions\redhat.java-1.10.0-win32-x64\jre\17.0.4-win32-x86_64\bin\zip.dll
0x00007ff8b1080000 - 0x00007ff8b17c3000 	C:\Windows\System32\SHELL32.dll
0x00007ff8ae280000 - 0x00007ff8aea15000 	C:\Windows\SYSTEM32\windows.storage.dll
0x00007ff8b0c60000 - 0x00007ff8b0fb4000 	C:\Windows\System32\combase.dll
0x00007ff8afbd0000 - 0x00007ff8afc00000 	C:\Windows\SYSTEM32\Wldp.dll
0x00007ff8b2270000 - 0x00007ff8b231d000 	C:\Windows\System32\SHCORE.dll
0x00007ff8b2670000 - 0x00007ff8b26c5000 	C:\Windows\System32\shlwapi.dll
0x00007ff8b00b0000 - 0x00007ff8b00cf000 	C:\Windows\SYSTEM32\profapi.dll

dbghelp: loaded successfully - version: 4.0.5 - missing functions: none
symbol engine: initialized successfully - sym options: 0x614 - pdb path: .;c:\Users\biasi\.vscode\extensions\redhat.java-1.10.0-win32-x64\jre\17.0.4-win32-x86_64\bin;C:\Windows\SYSTEM32;C:\Windows\WinSxS\amd64_microsoft.windows.common-controls_6595b64144ccf1df_6.0.19041.1110_none_60b5254171f9507e;c:\Users\biasi\.vscode\extensions\redhat.java-1.10.0-win32-x64\jre\17.0.4-win32-x86_64\bin\server

VM Arguments:
jvm_args: --add-modules=ALL-SYSTEM --add-opens=java.base/java.util=ALL-UNNAMED --add-opens=java.base/java.lang=ALL-UNNAMED --add-opens=java.base/sun.nio.fs=ALL-UNNAMED -Declipse.application=org.eclipse.jdt.ls.core.id1 -Dosgi.bundles.defaultStartLevel=4 -Declipse.product=org.eclipse.jdt.ls.core.product -Djava.import.generatesMetadataFilesAtProjectRoot=false -Dfile.encoding=utf8 -DwatchParentProcess=false -XX:+UseParallelGC -XX:GCTimeRatio=4 -XX:AdaptiveSizePolicyWeight=90 -Dsun.zip.disableMemoryMapping=true -Xmx1G -Xms100m -Xlog:jni+resolve=off -javaagent:c:\Users\biasi\.vscode\extensions\redhat.java-1.10.0-win32-x64\lombok\lombok-1.18.24.jar -XX:+HeapDumpOnOutOfMemoryError -XX:HeapDumpPath=c:\Users\biasi\AppData\Roaming\Code\User\workspaceStorage\2cfbc5bfd553f1d81591c569b835f900\redhat.java 
java_command: c:\Users\biasi\.vscode\extensions\redhat.java-1.10.0-win32-x64\server\plugins\org.eclipse.equinox.launcher_1.6.400.v20210924-0641.jar -configuration c:\Users\biasi\AppData\Roaming\Code\User\globalStorage\redhat.java\1.10.0\config_win -data c:\Users\biasi\AppData\Roaming\Code\User\workspaceStorage\2cfbc5bfd553f1d81591c569b835f900\redhat.java\jdt_ws
java_class_path (initial): c:\Users\biasi\.vscode\extensions\redhat.java-1.10.0-win32-x64\server\plugins\org.eclipse.equinox.launcher_1.6.400.v20210924-0641.jar
Launcher Type: SUN_STANDARD

[Global flags]
    uintx AdaptiveSizePolicyWeight                 = 90                                        {product} {command line}
     intx CICompilerCount                          = 3                                         {product} {ergonomic}
    uintx GCTimeRatio                              = 4                                         {product} {command line}
     bool HeapDumpOnOutOfMemoryError               = true                                   {manageable} {command line}
    ccstr HeapDumpPath                             = c:\Users\biasi\AppData\Roaming\Code\User\workspaceStorage\2cfbc5bfd553f1d81591c569b835f900\redhat.java         {manageable} {command line}
   size_t InitialHeapSize                          = 104857600                                 {product} {command line}
   size_t MaxHeapSize                              = 1073741824                                {product} {command line}
   size_t MaxNewSize                               = 357564416                                 {product} {ergonomic}
   size_t MinHeapDeltaBytes                        = 524288                                    {product} {ergonomic}
   size_t MinHeapSize                              = 104857600                                 {product} {command line}
   size_t NewSize                                  = 34603008                                  {product} {ergonomic}
    uintx NonNMethodCodeHeapSize                   = 5832780                                {pd product} {ergonomic}
    uintx NonProfiledCodeHeapSize                  = 122912730                              {pd product} {ergonomic}
   size_t OldSize                                  = 70254592                                  {product} {ergonomic}
    uintx ProfiledCodeHeapSize                     = 122912730                              {pd product} {ergonomic}
    uintx ReservedCodeCacheSize                    = 251658240                              {pd product} {ergonomic}
     bool SegmentedCodeCache                       = true                                      {product} {ergonomic}
   size_t SoftMaxHeapSize                          = 1073741824                             {manageable} {ergonomic}
     bool UseCompressedClassPointers               = true                           {product lp64_product} {ergonomic}
     bool UseCompressedOops                        = true                           {product lp64_product} {ergonomic}
     bool UseLargePagesIndividualAllocation        = false                                  {pd product} {ergonomic}
     bool UseParallelGC                            = true                                      {product} {command line}

Logging:
Log output configuration:
 #0: stdout all=warning,jni+resolve=off uptime,level,tags (reconfigured)
 #1: stderr all=off uptime,level,tags

Environment Variables:
JAVA_HOME=C:\src\zulu11.48.21-ca-jdk11.0.11-win_x64
PATH=C:\src\zulu11.48.21-ca-jdk11.0.11-win_x64\bin;C:\Program Files\Common Files\Oracle\Java\javapath;C:\Program Files (x86)\Common Files\Oracle\Java\javapath;C:\Windows\system32;C:\Windows;C:\Windows\System32\Wbem;C:\Windows\System32\WindowsPowerShell\v1.0\;C:\Windows\System32\OpenSSH\;C:\src\Git\cmd;C:\Program Files\Git\cmd;C:\Program Files\nodejs\;C:\Program Files\Java\jdk1.8.0_341\bin;C:\Users\biasi\anaconda3\pkgs\python-3.9.12-h6244533_0;C:\Program Files\MySQL\MySQL Shell 8.0\bin\;C:\src\flutter\bin;D:\VS code\Microsoft VS Code\bin;C:\src\Git;C:\Users\biasi\AppData\Roaming\npm
USERNAME=biasi
OS=Windows_NT
PROCESSOR_IDENTIFIER=AMD64 Family 23 Model 17 Stepping 0, AuthenticAMD
TMP=C:\Users\biasi\AppData\Local\Temp
TEMP=C:\Users\biasi\AppData\Local\Temp



---------------  S Y S T E M  ---------------

OS:
 Windows 10 , 64 bit Build 19041 (10.0.19041.1889)
OS uptime: 6 days 0:25 hours

CPU: total 4 (initial active 4) (4 cores per cpu, 2 threads per core) family 23 model 17 stepping 0 microcode 0x0, cx8, cmov, fxsr, ht, mmx, 3dnowpref, sse, sse2, sse3, ssse3, sse4a, sse4.1, sse4.2, popcnt, lzcnt, tsc, tscinvbit, avx, avx2, aes, clmul, bmi1, bmi2, adx, sha, fma, vzeroupper, clflush, clflushopt

Memory: 4k page, system-wide physical 16294M (5029M free)
TotalPageFile size 31425M (AvailPageFile size 6M)
current process WorkingSet (physical memory assigned to process): 19M, peak: 19M
current process commit charge ("private bytes"): 165M, peak: 165M

vm_info: OpenJDK 64-Bit Server VM (17.0.4+8) for windows-amd64 JRE (17.0.4+8), built on Jul 19 2022 16:05:16 by "temurin" with MS VC++ 16.7 (VS2019)

END.
